<?xml version="1.0" encoding="UTF-8"?>
<!-- Generated by org.testng.reporters.JUnitReportReporter -->
<testsuite hostname="LAPTOP-V9M8NDSH" failures="0" tests="1" name="devopspractice.test1" time="0.029" errors="0" timestamp="2023-08-08T20:22:02 IST" skipped="0">
  <testcase classname="devopspractice.test1" name="method" time="0.029"/>
</testsuite> <!-- devopspractice.test1 -->
